<?xml version="1.0" encoding="UTF-8"?>
<!-- Generated by org.testng.reporters.JUnitReportReporter -->
<testsuite hostname="Thiruvonam" failures="0" tests="1" name="executeClasses.SalesPageTestClass" time="10.087" errors="0" timestamp="2023-02-15T17:43:03 IST" skipped="0">
  <testcase classname="executeClasses.SalesPageTestClass" name="verifyTheSalesPageIsVisibleByClickingOnSalesTab" time="10.087"/>
  <system-out/>
</testsuite> <!-- executeClasses.SalesPageTestClass -->
