<?xml version="1.0" encoding="UTF-8"?>
<!-- Generated by org.testng.reporters.JUnitReportReporter -->
<testsuite hostname="Thiruvonam" failures="0" tests="3" name="executeClasses.LoginPageTestClass" time="33.564" errors="0" timestamp="2023-02-13T18:36:23 IST" skipped="0">
  <testcase classname="executeClasses.LoginPageTestClass" name="varifyUnSuccessfulLogin" time="10.620"/>
  <system-out/>
  <testcase classname="executeClasses.LoginPageTestClass" name="varifyUnSuccessfulLogin" time="11.255"/>
  <system-out/>
  <testcase classname="executeClasses.LoginPageTestClass" name="varifyUnSuccessfulLogin" time="11.689"/>
  <system-out/>
</testsuite> <!-- executeClasses.LoginPageTestClass -->
