<?xml version="1.0" encoding="UTF-8"?>
<!-- Generated by org.testng.reporters.JUnitReportReporter -->
<testsuite hostname="Thiruvonam" failures="0" tests="5" name="executeClasses.CustomersPageTestClass" time="65.159" errors="0" timestamp="2023-02-15T23:11:33 IST" skipped="0">
  <testcase classname="executeClasses.CustomersPageTestClass" name="verifyThecustomerPageIsVisibleByClickingOncustomersunderPeopleTab" time="12.423"/>
  <system-out/>
  <testcase classname="executeClasses.CustomersPageTestClass" name="verifyTheAddcustomerButtonIsVisibleOrNot" time="10.099"/>
  <system-out/>
  <testcase classname="executeClasses.CustomersPageTestClass" name="veriytoAddaNewcustomer" time="12.279"/>
  <system-out/>
  <testcase classname="executeClasses.CustomersPageTestClass" name="verifytoSearchACustomerByUsingName" time="14.807"/>
  <system-out/>
  <testcase classname="executeClasses.CustomersPageTestClass" name="verifytoSearchACustomerByUsingMobileNumber" time="15.551"/>
  <system-out/>
</testsuite> <!-- executeClasses.CustomersPageTestClass -->
