<?xml version="1.0" encoding="UTF-8"?>
<!-- Generated by org.testng.reporters.JUnitReportReporter -->
<testsuite hostname="Thiruvonam" failures="0" tests="1" name="executeClasses.ExpensePageTestClass" time="10.039" errors="0" timestamp="2023-02-15T17:57:07 IST" skipped="0">
  <testcase classname="executeClasses.ExpensePageTestClass" name="verifyTheAddExpenseButtonIsVisibleOrNot" time="10.039"/>
  <system-out/>
</testsuite> <!-- executeClasses.ExpensePageTestClass -->
