<?xml version="1.0" encoding="UTF-8"?>
<!-- Generated by org.testng.reporters.JUnitReportReporter -->
<testsuite hostname="Thiruvonam" failures="0" tests="4" name="executeClasses.StoresPageTestClass" time="54.823" errors="0" timestamp="2023-02-15T17:32:21 IST" skipped="0">
  <testcase classname="executeClasses.StoresPageTestClass" name="verifyTheStorePageIsVisibleByClickingOnStoresTab" time="10.607"/>
  <system-out/>
  <testcase classname="executeClasses.StoresPageTestClass" name="verifyTheAddStoreButtonIsVisibleOrNot" time="8.562"/>
  <system-out/>
  <testcase classname="executeClasses.StoresPageTestClass" name="verifyToCreateANewStore" time="18.487"/>
  <system-out/>
  <testcase classname="executeClasses.StoresPageTestClass" name="verifyStoreNameSearchByUsingStoreName" time="17.167"/>
  <system-out/>
</testsuite> <!-- executeClasses.StoresPageTestClass -->
