<?xml version="1.0" encoding="UTF-8"?>
<!-- Generated by org.testng.reporters.JUnitReportReporter -->
<testsuite hostname="Thiruvonam" failures="0" tests="1" name="executeClasses.WaitersPageTestClass" time="15.322" errors="0" timestamp="2023-02-15T22:25:16 IST" skipped="0">
  <testcase classname="executeClasses.WaitersPageTestClass" name="veriytoAddaNewWaiter" time="15.322"/>
  <system-out/>
</testsuite> <!-- executeClasses.WaitersPageTestClass -->
