<?xml version="1.0" encoding="UTF-8"?>
<!-- Generated by org.testng.reporters.JUnitReportReporter -->
<testsuite hostname="Thiruvonam" failures="0" tests="3" name="executeClasses.HomePageTestClass" time="70.642" errors="0" timestamp="2023-02-15T11:00:36 IST" skipped="0">
  <testcase classname="executeClasses.HomePageTestClass" name="varifyLogoutButtonIsWorkingOrNot" time="8.735"/>
  <system-out/>
  <testcase classname="executeClasses.HomePageTestClass" name="varifyD4StoreIsDisplayedOrNot" time="53.900"/>
  <system-out/>
  <testcase classname="executeClasses.HomePageTestClass" name="varifyProductTabIsDisplayedOrNot" time="8.007"/>
  <system-out/>
</testsuite> <!-- executeClasses.HomePageTestClass -->
